<testsuites name="jest tests" tests="16" failures="0" time="2.0959999999999996">
  <testsuite name="Global reducer" errors="0" failures="0" skipped="0" timestamp="2018-05-21T20:51:24" time="1.378" tests="5">
    <testcase classname="Global reducer should return initial state" name="Global reducer should return initial state" time="0.004">
    </testcase>
    <testcase classname="Global reducer should return a loading state of false is fetching questions is successful" name="Global reducer should return a loading state of false is fetching questions is successful" time="0.001">
    </testcase>
    <testcase classname="Global reducer should return a loading state of false is fetching question details is successful" name="Global reducer should return a loading state of false is fetching question details is successful" time="0">
    </testcase>
    <testcase classname="Global reducer should return a loading state of false and error state of true is fetching question details returns an error" name="Global reducer should return a loading state of false and error state of true is fetching question details returns an error" time="0">
    </testcase>
    <testcase classname="Global reducer should return a loading state of false and error state of true is fetching questions returns an error" name="Global reducer should return a loading state of false and error state of true is fetching questions returns an error" time="0.001">
    </testcase>
  </testsuite>
  <testsuite name="actions" errors="0" failures="0" skipped="0" timestamp="2018-05-21T20:51:25" time="0.162" tests="3">
    <testcase classname="actions should return parameter as payload" name="actions should return parameter as payload" time="0.001">
    </testcase>
    <testcase classname="actions should return just the correct type" name="actions should return just the correct type" time="0">
    </testcase>
    <testcase classname="actions fetchQuestionDetails should return FETCH_QUESTION_DETAILS action type" name="actions fetchQuestionDetails should return FETCH_QUESTION_DETAILS action type" time="0">
    </testcase>
  </testsuite>
  <testsuite name="QuestionDetails" errors="0" failures="0" skipped="0" timestamp="2018-05-21T20:51:25" time="0.249" tests="3">
    <testcase classname="QuestionDetails Should return a h1 " name="QuestionDetails Should return a h1 " time="0.017">
    </testcase>
    <testcase classname="QuestionDetails Should return a h1 with the title Question Details" name="QuestionDetails Should return a h1 with the title Question Details" time="0.003">
    </testcase>
    <testcase classname="calculatePercentages should calulate the percentage of given array" name="calculatePercentages should calulate the percentage of given array" time="0.001">
    </testcase>
  </testsuite>
  <testsuite name="Questions" errors="0" failures="0" skipped="0" timestamp="2018-05-21T20:51:26" time="0.171" tests="4">
    <testcase classname="Questions Should return a h1 " name="Questions Should return a h1 " time="0.002">
    </testcase>
    <testcase classname="Questions Should return a h1 with the title Questions" name="Questions Should return a h1 with the title Questions" time="0.001">
    </testcase>
    <testcase classname="Questions Should return no items if no props " name="Questions Should return no items if no props " time="0.002">
    </testcase>
    <testcase classname="Questions Should return two list items if given two questions" name="Questions Should return two list items if given two questions" time="0.012">
    </testcase>
  </testsuite>
  <testsuite name="Question reducer" errors="0" failures="0" skipped="0" timestamp="2018-05-21T20:51:26" time="0.136" tests="1">
    <testcase classname="Question reducer should return initial state" name="Question reducer should return initial state" time="0.001">
    </testcase>
  </testsuite>
</testsuites>